<?xml version="1.0" encoding="UTF-8"?>
<!-- Generated by org.testng.reporters.JUnitReportReporter -->
<testsuite hostname="LAPTOP-LKS7L590" failures="0" tests="4" name="testNG.AmazonExample" time="23.571" errors="0" timestamp="2022-02-26T00:49:29 IST" skipped="0">
  <testcase classname="testNG.AmazonExample" name="loginPage" time="3.141"/>
  <system-out/>
  <testcase classname="testNG.AmazonExample" name="search" time="9.510"/>
  <system-out/>
  <testcase classname="testNG.AmazonExample" name="addToCart" time="7.874"/>
  <system-out/>
  <testcase classname="testNG.AmazonExample" name="enterDetails" time="3.046"/>
  <system-out/>
</testsuite> <!-- testNG.AmazonExample -->
